mars 14, 2024 10:04:23 P.M. util.Logger info
INFO: Logged out!
mars 14, 2024 10:04:50 P.M. util.Logger info
INFO: Logged out!
mars 14, 2024 10:05:04 P.M. util.Logger info
INFO: Trying to logon or register new user
mars 14, 2024 10:05:04 P.M. util.Logger info
INFO: DB initialized!
mars 14, 2024 10:05:04 P.M. util.Logger info
INFO: Found user joachim@test.com
mars 14, 2024 10:05:04 P.M. util.Logger info
INFO: Logged on!
mars 14, 2024 10:05:06 P.M. util.Logger info
INFO: Logged out!
mars 14, 2024 10:05:12 P.M. util.Logger info
INFO: Trying to logon or register new user
mars 14, 2024 10:05:12 P.M. util.Logger info
INFO: Could not find user joachim@joachim.com
mars 14, 2024 10:05:12 P.M. util.Logger info
INFO: Add user ok
mars 14, 2024 10:05:12 P.M. util.Logger info
INFO: Add transaction ok
mars 14, 2024 10:05:12 P.M. util.Logger info
INFO: Registered new user
mars 14, 2024 10:05:12 P.M. util.Logger info
INFO: Logged on!
mars 14, 2024 10:05:12 P.M. util.Logger info
INFO: Returning session info!
mars 14, 2024 10:05:12 P.M. util.Logger info
INFO: Found user joachim@joachim.com
mars 14, 2024 10:05:15 P.M. util.Logger info
INFO: Returning session info!
mars 14, 2024 10:05:15 P.M. util.Logger info
INFO: Found user joachim@joachim.com
mars 14, 2024 10:05:15 P.M. util.Logger info
INFO: Found 1 transactions for joachim@joachim.com
mars 14, 2024 10:05:16 P.M. util.Logger info
INFO: Deleted transactions. Result=0
mars 14, 2024 10:05:16 P.M. util.Logger info
INFO: Deleted transactions for user joachim@joachim.com
mars 14, 2024 10:05:16 P.M. util.Logger info
INFO: Found 1 transactions for joachim@joachim.com
mars 14, 2024 10:05:18 P.M. util.Logger info
INFO: Logged out!
mars 14, 2024 10:05:42 P.M. util.Logger info
INFO: Trying to logon or register new user
mars 14, 2024 10:05:42 P.M. util.Logger info
INFO: Could not find user idur@idur.com
mars 14, 2024 10:05:42 P.M. util.Logger info
INFO: Add user ok
mars 14, 2024 10:05:42 P.M. util.Logger info
INFO: Add transaction ok
mars 14, 2024 10:05:42 P.M. util.Logger info
INFO: Registered new user
mars 14, 2024 10:05:42 P.M. util.Logger info
INFO: Logged on!
mars 14, 2024 10:05:42 P.M. util.Logger info
INFO: Returning session info!
mars 14, 2024 10:05:42 P.M. util.Logger info
INFO: Found user idur@idur.com
mars 14, 2024 10:05:50 P.M. util.Logger info
INFO: Returning session info!
mars 14, 2024 10:05:50 P.M. util.Logger info
INFO: Found user idur@idur.com
mars 14, 2024 10:05:53 P.M. util.Logger info
INFO: Returning session info!
mars 14, 2024 10:05:53 P.M. util.Logger info
INFO: Found user idur@idur.com
mars 14, 2024 10:06:21 P.M. util.Logger info
INFO: Returning session info!
mars 14, 2024 10:06:21 P.M. util.Logger info
INFO: Found user idur@idur.com
mars 14, 2024 10:06:21 P.M. util.Logger info
INFO: Found 1 transactions for idur@idur.com
mars 14, 2024 10:06:33 P.M. util.Logger info
INFO: Returning session info!
mars 14, 2024 10:06:33 P.M. util.Logger info
INFO: Found user idur@idur.com
mars 14, 2024 10:07:06 P.M. util.Logger info
INFO: Returning session info!
mars 14, 2024 10:07:06 P.M. util.Logger info
INFO: Found user idur@idur.com
mars 14, 2024 10:07:28 P.M. util.Logger info
INFO: Adding transaction from idur@idur.com with amount 666.0
mars 14, 2024 10:07:28 P.M. util.Logger info
INFO: Found 1 transactions for idur@idur.com
mars 14, 2024 10:07:28 P.M. util.Logger info
INFO: Current balance=20000.0, isFamily=true
mars 14, 2024 10:07:28 P.M. util.Logger info
INFO: isOverDrawn=false, balanceWillBeUnderLimit=false
mars 14, 2024 10:07:28 P.M. util.Logger info
INFO: Add transaction ok
mars 14, 2024 10:07:28 P.M. util.Logger info
INFO: Added transaction!
mars 14, 2024 10:07:28 P.M. util.Logger info
INFO: Returning session info!
mars 14, 2024 10:07:28 P.M. util.Logger info
INFO: Found user idur@idur.com
mars 14, 2024 10:07:28 P.M. util.Logger info
INFO: Found 2 transactions for idur@idur.com
mars 14, 2024 10:07:39 P.M. util.Logger info
INFO: Logged out!
mars 14, 2024 10:07:48 P.M. util.Logger info
INFO: Trying to logon or register new user
mars 14, 2024 10:07:48 P.M. util.Logger info
INFO: Found user idur@idur.com
mars 14, 2024 10:07:48 P.M. util.Logger info
INFO: Logged on!
mars 14, 2024 10:07:48 P.M. util.Logger info
INFO: Returning session info!
mars 14, 2024 10:07:48 P.M. util.Logger info
INFO: Found user idur@idur.com
mars 14, 2024 10:07:52 P.M. util.Logger info
INFO: Returning session info!
mars 14, 2024 10:07:52 P.M. util.Logger info
INFO: Found user idur@idur.com
mars 14, 2024 10:07:54 P.M. util.Logger info
INFO: Returning session info!
mars 14, 2024 10:07:54 P.M. util.Logger info
INFO: Found user idur@idur.com
mars 14, 2024 10:07:54 P.M. util.Logger info
INFO: Found 2 transactions for idur@idur.com
mars 14, 2024 10:07:57 P.M. util.Logger info
INFO: Returning session info!
mars 14, 2024 10:07:57 P.M. util.Logger info
INFO: Found user idur@idur.com
mars 14, 2024 10:07:57 P.M. util.Logger info
INFO: Found 2 transactions for idur@idur.com
mars 14, 2024 10:08:02 P.M. util.Logger info
INFO: Returning session info!
mars 14, 2024 10:08:02 P.M. util.Logger info
INFO: Found user idur@idur.com
mars 14, 2024 10:08:04 P.M. util.Logger info
INFO: Returning session info!
mars 14, 2024 10:08:04 P.M. util.Logger info
INFO: Found user idur@idur.com
mars 14, 2024 10:08:09 P.M. util.Logger info
INFO: Returning session info!
mars 14, 2024 10:08:09 P.M. util.Logger info
INFO: Found user idur@idur.com
mars 14, 2024 10:08:09 P.M. util.Logger info
INFO: Found 2 transactions for idur@idur.com
mars 14, 2024 10:08:11 P.M. util.Logger info
INFO: Logged out!
mars 14, 2024 10:08:14 P.M. util.Logger info
INFO: Trying to logon or register new user
mars 14, 2024 10:08:14 P.M. util.Logger info
INFO: Found user joachim@joachim.com
mars 14, 2024 10:08:14 P.M. util.Logger info
INFO: Logged on!
mars 14, 2024 10:08:14 P.M. util.Logger info
INFO: Returning session info!
mars 14, 2024 10:08:14 P.M. util.Logger info
INFO: Found user joachim@joachim.com
mars 14, 2024 10:08:17 P.M. util.Logger info
INFO: Returning session info!
mars 14, 2024 10:08:17 P.M. util.Logger info
INFO: Found user joachim@joachim.com
mars 14, 2024 10:08:17 P.M. util.Logger info
INFO: Found 1 transactions for joachim@joachim.com
mars 14, 2024 10:08:25 P.M. util.Logger info
INFO: Returning session info!
mars 14, 2024 10:08:25 P.M. util.Logger info
INFO: Found user joachim@joachim.com
mars 14, 2024 10:08:59 P.M. util.Logger info
INFO: Adding transaction from joachim@joachim.com with amount 6666.0
mars 14, 2024 10:08:59 P.M. util.Logger info
INFO: Found 1 transactions for joachim@joachim.com
mars 14, 2024 10:08:59 P.M. util.Logger info
INFO: Current balance=20000.0, isFamily=false
mars 14, 2024 10:08:59 P.M. util.Logger info
INFO: isOverDrawn=false, balanceWillBeUnderLimit=false
mars 14, 2024 10:08:59 P.M. util.Logger info
INFO: Add transaction ok
mars 14, 2024 10:08:59 P.M. util.Logger info
INFO: Added transaction!
mars 14, 2024 10:09:00 P.M. util.Logger info
INFO: Returning session info!
mars 14, 2024 10:09:00 P.M. util.Logger info
INFO: Found user joachim@joachim.com
mars 14, 2024 10:09:00 P.M. util.Logger info
INFO: Found 2 transactions for joachim@joachim.com
mars 14, 2024 10:10:30 P.M. util.Logger info
INFO: Returning session info!
mars 14, 2024 10:10:30 P.M. util.Logger info
INFO: Found user joachim@joachim.com
mars 14, 2024 10:10:35 P.M. util.Logger info
INFO: Returning session info!
mars 14, 2024 10:10:35 P.M. util.Logger info
INFO: Found user joachim@joachim.com
mars 14, 2024 10:10:44 P.M. util.Logger info
INFO: Update user failed
mars 14, 2024 10:10:44 P.M. util.Logger info
INFO: Updated user!
mars 14, 2024 10:10:44 P.M. util.Logger info
INFO: Returning session info!
mars 14, 2024 10:10:44 P.M. util.Logger info
INFO: Found user joachim@joachim.com
mars 14, 2024 10:10:46 P.M. util.Logger info
INFO: Returning session info!
mars 14, 2024 10:10:46 P.M. util.Logger info
INFO: Found user joachim@joachim.com
mars 14, 2024 10:10:47 P.M. util.Logger info
INFO: Returning session info!
mars 14, 2024 10:10:47 P.M. util.Logger info
INFO: Found user joachim@joachim.com
mars 14, 2024 10:10:47 P.M. util.Logger info
INFO: Found 2 transactions for joachim@joachim.com
mars 14, 2024 10:10:54 P.M. util.Logger info
INFO: Returning session info!
mars 14, 2024 10:10:54 P.M. util.Logger info
INFO: Found user joachim@joachim.com
mars 14, 2024 10:11:00 P.M. util.Logger info
INFO: Found 2 transactions for joachim@joachim.com
mars 14, 2024 10:11:02 P.M. util.Logger info
INFO: Returning session info!
mars 14, 2024 10:11:02 P.M. util.Logger info
INFO: Found user joachim@joachim.com
mars 14, 2024 10:11:07 P.M. util.Logger info
INFO: Returning session info!
mars 14, 2024 10:11:07 P.M. util.Logger info
INFO: Found user joachim@joachim.com
mars 14, 2024 10:11:07 P.M. util.Logger info
INFO: Found 2 transactions for joachim@joachim.com
mars 14, 2024 10:11:16 P.M. util.Logger info
INFO: Returning session info!
mars 14, 2024 10:11:16 P.M. util.Logger info
INFO: Found user joachim@joachim.com
mars 14, 2024 10:11:28 P.M. util.Logger info
INFO: Logged out!
mars 14, 2024 10:11:32 P.M. util.Logger info
INFO: Trying to logon or register new user
mars 14, 2024 10:11:32 P.M. util.Logger info
INFO: Found user joachim@joachim.com
mars 14, 2024 10:11:32 P.M. util.Logger info
INFO: Logged on!
mars 14, 2024 10:11:32 P.M. util.Logger info
INFO: Returning session info!
mars 14, 2024 10:11:32 P.M. util.Logger info
INFO: Found user joachim@joachim.com
mars 14, 2024 10:11:34 P.M. util.Logger info
INFO: Returning session info!
mars 14, 2024 10:11:34 P.M. util.Logger info
INFO: Found user joachim@joachim.com
mars 14, 2024 10:11:34 P.M. util.Logger info
INFO: Found 2 transactions for joachim@joachim.com
mars 14, 2024 10:11:36 P.M. util.Logger info
INFO: Deleted transactions. Result=1
mars 14, 2024 10:11:36 P.M. util.Logger info
INFO: Deleted transactions for user joachim@joachim.com
mars 14, 2024 10:11:36 P.M. util.Logger info
INFO: Found 1 transactions for joachim@joachim.com
mars 14, 2024 10:11:39 P.M. util.Logger info
INFO: Returning session info!
mars 14, 2024 10:11:39 P.M. util.Logger info
INFO: Found user joachim@joachim.com
mars 14, 2024 10:11:47 P.M. util.Logger info
INFO: Adding transaction from joachim@joachim.com with amount 1.0
mars 14, 2024 10:11:47 P.M. util.Logger info
INFO: Found 1 transactions for joachim@joachim.com
mars 14, 2024 10:11:47 P.M. util.Logger info
INFO: Current balance=20000.0, isFamily=false
mars 14, 2024 10:11:47 P.M. util.Logger info
INFO: isOverDrawn=false, balanceWillBeUnderLimit=false
mars 14, 2024 10:11:47 P.M. util.Logger info
INFO: Add transaction ok
mars 14, 2024 10:11:47 P.M. util.Logger info
INFO: Added transaction!
mars 14, 2024 10:11:47 P.M. util.Logger info
INFO: Returning session info!
mars 14, 2024 10:11:47 P.M. util.Logger info
INFO: Found user joachim@joachim.com
mars 14, 2024 10:11:47 P.M. util.Logger info
INFO: Found 2 transactions for joachim@joachim.com
mars 14, 2024 10:11:49 P.M. util.Logger info
INFO: Logged out!
mars 14, 2024 10:11:58 P.M. util.Logger info
INFO: Trying to logon or register new user
mars 14, 2024 10:11:58 P.M. util.Logger info
INFO: Found user idur@idur.com
mars 14, 2024 10:11:58 P.M. util.Logger info
INFO: Logged on!
mars 14, 2024 10:11:58 P.M. util.Logger info
INFO: Returning session info!
mars 14, 2024 10:11:58 P.M. util.Logger info
INFO: Found user idur@idur.com
mars 14, 2024 10:12:01 P.M. util.Logger info
INFO: Returning session info!
mars 14, 2024 10:12:01 P.M. util.Logger info
INFO: Found user idur@idur.com
mars 14, 2024 10:12:01 P.M. util.Logger info
INFO: Found 3 transactions for idur@idur.com
mars 14, 2024 10:12:02 P.M. util.Logger info
INFO: Returning session info!
mars 14, 2024 10:12:02 P.M. util.Logger info
INFO: Found user idur@idur.com
mars 14, 2024 10:12:02 P.M. util.Logger info
INFO: Found 3 transactions for idur@idur.com
mars 14, 2024 10:12:09 P.M. util.Logger info
INFO: Logged out!
mars 14, 2024 10:12:13 P.M. util.Logger info
INFO: Trying to logon or register new user
mars 14, 2024 10:12:13 P.M. util.Logger info
INFO: Found user joachim@joachim.com
mars 14, 2024 10:12:13 P.M. util.Logger info
INFO: Logged on!
mars 14, 2024 10:12:13 P.M. util.Logger info
INFO: Returning session info!
mars 14, 2024 10:12:13 P.M. util.Logger info
INFO: Found user joachim@joachim.com
mars 14, 2024 10:12:30 P.M. util.Logger info
INFO: Update user failed
mars 14, 2024 10:12:30 P.M. util.Logger info
INFO: Updated user!
mars 14, 2024 10:12:30 P.M. util.Logger info
INFO: Returning session info!
mars 14, 2024 10:12:30 P.M. util.Logger info
INFO: Found user joachim@joachim.com
mars 14, 2024 10:12:32 P.M. util.Logger info
INFO: Returning session info!
mars 14, 2024 10:12:32 P.M. util.Logger info
INFO: Found user joachim@joachim.com
mars 14, 2024 10:12:32 P.M. util.Logger info
INFO: Found 2 transactions for joachim@joachim.com
mars 14, 2024 10:12:36 P.M. util.Logger info
INFO: Returning session info!
mars 14, 2024 10:12:36 P.M. util.Logger info
INFO: Found user joachim@joachim.com
mars 14, 2024 10:12:36 P.M. util.Logger info
INFO: Found 2 transactions for joachim@joachim.com
mars 14, 2024 10:12:40 P.M. util.Logger info
INFO: Returning session info!
mars 14, 2024 10:12:40 P.M. util.Logger info
INFO: Found user joachim@joachim.com
mars 14, 2024 10:13:02 P.M. util.Logger info
INFO: Update user failed
mars 14, 2024 10:13:02 P.M. util.Logger info
INFO: Updated user!
mars 14, 2024 10:13:02 P.M. util.Logger info
INFO: Returning session info!
mars 14, 2024 10:13:02 P.M. util.Logger info
INFO: Found user joachim@joachim.com
mars 14, 2024 10:13:03 P.M. util.Logger info
INFO: Returning session info!
mars 14, 2024 10:13:03 P.M. util.Logger info
INFO: Found user joachim@joachim.com
mars 14, 2024 10:13:03 P.M. util.Logger info
INFO: Found 2 transactions for joachim@joachim.com
mars 14, 2024 10:13:44 P.M. util.Logger info
INFO: Returning session info!
mars 14, 2024 10:13:44 P.M. util.Logger info
INFO: Found user joachim@joachim.com
mars 14, 2024 10:13:44 P.M. util.Logger info
INFO: Returning session info!
mars 14, 2024 10:13:44 P.M. util.Logger info
INFO: Found user joachim@joachim.com
mars 14, 2024 10:14:07 P.M. util.Logger info
INFO: Update user failed
mars 14, 2024 10:14:07 P.M. util.Logger info
INFO: Updated user!
mars 14, 2024 10:14:07 P.M. util.Logger info
INFO: Returning session info!
mars 14, 2024 10:14:07 P.M. util.Logger info
INFO: Found user joachim@joachim.com
mars 14, 2024 10:14:08 P.M. util.Logger info
INFO: Returning session info!
mars 14, 2024 10:14:08 P.M. util.Logger info
INFO: Found user joachim@joachim.com
mars 14, 2024 10:14:08 P.M. util.Logger info
INFO: Found 3 transactions for joachim@joachim.com
mars 14, 2024 10:14:15 P.M. util.Logger info
INFO: Returning session info!
mars 14, 2024 10:14:15 P.M. util.Logger info
INFO: Found user joachim@joachim.com
mars 14, 2024 10:15:17 P.M. util.Logger info
INFO: Update user failed
mars 14, 2024 10:15:17 P.M. util.Logger info
INFO: Updated user!
mars 14, 2024 10:15:17 P.M. util.Logger info
INFO: Returning session info!
mars 14, 2024 10:15:17 P.M. util.Logger info
INFO: Found user joachim@joachim.com
mars 14, 2024 10:15:19 P.M. util.Logger info
INFO: Logged out!
mars 14, 2024 10:15:26 P.M. util.Logger info
INFO: Trying to logon or register new user
mars 14, 2024 10:15:26 P.M. util.Logger info
INFO: Found user idur@idur.com
mars 14, 2024 10:15:26 P.M. util.Logger info
INFO: Logged on!
mars 14, 2024 10:15:26 P.M. util.Logger info
INFO: Returning session info!
mars 14, 2024 10:15:26 P.M. util.Logger info
INFO: Found user idur@idur.com
mars 14, 2024 10:15:33 P.M. util.Logger info
INFO: Logged out!
mars 14, 2024 10:15:39 P.M. util.Logger info
INFO: Trying to logon or register new user
mars 14, 2024 10:15:39 P.M. util.Logger info
INFO: Found user joachim@joachim.com
mars 14, 2024 10:15:39 P.M. util.Logger info
INFO: Logged on!
mars 14, 2024 10:15:39 P.M. util.Logger info
INFO: Returning session info!
mars 14, 2024 10:15:39 P.M. util.Logger info
INFO: Found user joachim@joachim.com
mars 14, 2024 10:16:10 P.M. util.Logger info
INFO: Update user failed
mars 14, 2024 10:16:10 P.M. util.Logger info
INFO: Updated user!
mars 14, 2024 10:16:10 P.M. util.Logger info
INFO: Returning session info!
mars 14, 2024 10:16:10 P.M. util.Logger info
INFO: Found user joachim@joachim.com
mars 14, 2024 10:16:12 P.M. util.Logger info
INFO: Logged out!
mars 14, 2024 10:16:17 P.M. util.Logger info
INFO: Trying to logon or register new user
mars 14, 2024 10:16:17 P.M. util.Logger info
INFO: Found user idur@idur.com
mars 14, 2024 10:16:17 P.M. util.Logger info
INFO: Logged on!
mars 14, 2024 10:16:17 P.M. util.Logger info
INFO: Returning session info!
mars 14, 2024 10:16:17 P.M. util.Logger info
INFO: Found user idur@idur.com
mars 14, 2024 10:17:04 P.M. util.Logger info
INFO: Update user failed
mars 14, 2024 10:17:04 P.M. util.Logger info
INFO: Updated user!
mars 14, 2024 10:17:04 P.M. util.Logger info
INFO: Returning session info!
mars 14, 2024 10:17:04 P.M. util.Logger info
INFO: Found user idur@idur.com
mars 14, 2024 10:17:07 P.M. util.Logger info
INFO: Logged out!
mars 14, 2024 10:17:12 P.M. util.Logger info
INFO: Trying to logon or register new user
mars 14, 2024 10:17:12 P.M. util.Logger info
INFO: Found user idur@idur.com
mars 14, 2024 10:17:17 P.M. util.Logger info
INFO: Trying to logon or register new user
mars 14, 2024 10:17:17 P.M. util.Logger info
INFO: Found user idur@idur.com
mars 14, 2024 10:17:17 P.M. util.Logger info
INFO: Logged on!
mars 14, 2024 10:17:17 P.M. util.Logger info
INFO: Returning session info!
mars 14, 2024 10:17:17 P.M. util.Logger info
INFO: Found user idur@idur.com
mars 14, 2024 10:17:19 P.M. util.Logger info
INFO: Logged out!
