2024-03-16T10:58:47.826+01:00  INFO 4644 --- [CalculatorController] [restartedMain] i.oving5.CalculatorOving5Application     : Starting CalculatorOving5Application using Java 21.0.2 with PID 4644 (C:\Users\joach\OneDrive - NTNU\main\_NTNU\Dataingeniør\V2024\FullStack\Ovinger\Oving_5\calculator_oving5_backend\target\classes started by joach in C:\Users\joach\OneDrive - NTNU\main\_NTNU\Dataingeniør\V2024\FullStack\Ovinger\Oving_5\calculator_oving5_backend)
2024-03-16T10:58:47.836+01:00  INFO 4644 --- [CalculatorController] [restartedMain] i.oving5.CalculatorOving5Application     : No active profile set, falling back to 1 default profile: "default"
2024-03-16T10:58:47.876+01:00  INFO 4644 --- [CalculatorController] [restartedMain] .e.DevToolsPropertyDefaultsPostProcessor : Devtools property defaults active! Set 'spring.devtools.add-properties' to 'false' to disable
2024-03-16T10:58:47.877+01:00  INFO 4644 --- [CalculatorController] [restartedMain] .e.DevToolsPropertyDefaultsPostProcessor : For additional web related logging consider setting the 'logging.level.web' property to 'DEBUG'
2024-03-16T10:58:48.592+01:00  INFO 4644 --- [CalculatorController] [restartedMain] o.s.b.w.embedded.tomcat.TomcatWebServer  : Tomcat initialized with port 8080 (http)
2024-03-16T10:58:48.604+01:00  INFO 4644 --- [CalculatorController] [restartedMain] o.apache.catalina.core.StandardService   : Starting service [Tomcat]
2024-03-16T10:58:48.605+01:00  INFO 4644 --- [CalculatorController] [restartedMain] o.apache.catalina.core.StandardEngine    : Starting Servlet engine: [Apache Tomcat/10.1.18]
2024-03-16T10:58:48.645+01:00  INFO 4644 --- [CalculatorController] [restartedMain] o.a.c.c.C.[Tomcat].[localhost].[/]       : Initializing Spring embedded WebApplicationContext
2024-03-16T10:58:48.646+01:00  INFO 4644 --- [CalculatorController] [restartedMain] w.s.c.ServletWebServerApplicationContext : Root WebApplicationContext: initialization completed in 768 ms
2024-03-16T10:58:48.911+01:00  INFO 4644 --- [CalculatorController] [restartedMain] o.s.b.d.a.OptionalLiveReloadServer       : LiveReload server is running on port 35729
2024-03-16T10:58:48.933+01:00  INFO 4644 --- [CalculatorController] [restartedMain] o.s.b.w.embedded.tomcat.TomcatWebServer  : Tomcat started on port 8080 (http) with context path ''
2024-03-16T10:58:48.938+01:00  INFO 4644 --- [CalculatorController] [restartedMain] i.oving5.CalculatorOving5Application     : Started CalculatorOving5Application in 1.498 seconds (process running for 2.186)
2024-03-16T10:58:58.273+01:00  INFO 4644 --- [CalculatorController] [File Watcher] rtingClassPathChangeChangedEventListener : Restarting due to 9 class path changes (0 additions, 0 deletions, 9 modifications)
2024-03-16T10:58:58.356+01:00  INFO 4644 --- [CalculatorController] [restartedMain] i.oving5.CalculatorOving5Application     : Starting CalculatorOving5Application using Java 21.0.2 with PID 4644 (C:\Users\joach\OneDrive - NTNU\main\_NTNU\Dataingeniør\V2024\FullStack\Ovinger\Oving_5\calculator_oving5_backend\target\classes started by joach in C:\Users\joach\OneDrive - NTNU\main\_NTNU\Dataingeniør\V2024\FullStack\Ovinger\Oving_5\calculator_oving5_backend)
2024-03-16T10:58:58.357+01:00  INFO 4644 --- [CalculatorController] [restartedMain] i.oving5.CalculatorOving5Application     : No active profile set, falling back to 1 default profile: "default"
2024-03-16T10:58:58.550+01:00  INFO 4644 --- [CalculatorController] [restartedMain] o.s.b.w.embedded.tomcat.TomcatWebServer  : Tomcat initialized with port 8080 (http)
2024-03-16T10:58:58.551+01:00  INFO 4644 --- [CalculatorController] [restartedMain] o.apache.catalina.core.StandardService   : Starting service [Tomcat]
2024-03-16T10:58:58.551+01:00  INFO 4644 --- [CalculatorController] [restartedMain] o.apache.catalina.core.StandardEngine    : Starting Servlet engine: [Apache Tomcat/10.1.18]
2024-03-16T10:58:58.562+01:00  INFO 4644 --- [CalculatorController] [restartedMain] o.a.c.c.C.[Tomcat].[localhost].[/]       : Initializing Spring embedded WebApplicationContext
2024-03-16T10:58:58.562+01:00  INFO 4644 --- [CalculatorController] [restartedMain] w.s.c.ServletWebServerApplicationContext : Root WebApplicationContext: initialization completed in 202 ms
2024-03-16T10:58:58.625+01:00  INFO 4644 --- [CalculatorController] [restartedMain] o.s.b.d.a.OptionalLiveReloadServer       : LiveReload server is running on port 35729
2024-03-16T10:58:58.633+01:00  INFO 4644 --- [CalculatorController] [restartedMain] o.s.b.w.embedded.tomcat.TomcatWebServer  : Tomcat started on port 8080 (http) with context path ''
2024-03-16T10:58:58.636+01:00  INFO 4644 --- [CalculatorController] [restartedMain] i.oving5.CalculatorOving5Application     : Started CalculatorOving5Application in 0.305 seconds (process running for 11.884)
2024-03-16T10:58:58.637+01:00  INFO 4644 --- [CalculatorController] [restartedMain] .ConditionEvaluationDeltaLoggingListener : Condition evaluation unchanged
